<?xml version="1.0" encoding="UTF-8"?>
<!-- Generated by org.testng.reporters.JUnitReportReporter -->
<testsuite hostname="F4X194LWM6" failures="0" tests="5" name="WebScrapingTest" time="54.243" errors="0" timestamp="2024-12-25T15:59:36 IST" skipped="0">
  <testcase classname="WebScrapingTest" name="navigateToWebsite" time="41.555"/>
  <testcase classname="WebScrapingTest" name="verifyLanguage" time="0.182"/>
  <testcase classname="WebScrapingTest" name="scrapeArticles" time="9.486"/>
  <testcase classname="WebScrapingTest" name="translateArticleHeaders" time="2.994"/>
  <testcase classname="WebScrapingTest" name="analyseTranslatedHeaders" time="0.026"/>
</testsuite> <!-- WebScrapingTest -->
