<?xml version="1.0" encoding="UTF-8"?>
<!-- Generated by org.testng.reporters.JUnitReportReporter -->
<testsuite hostname="F4X194LWM6" failures="0" tests="5" name="WebScrapingTest" time="36.487" errors="0" timestamp="2024-12-24T17:55:40 IST" skipped="0">
  <testcase classname="WebScrapingTest" name="navigateToWebsite" time="1.070"/>
  <testcase classname="WebScrapingTest" name="verifyLanguage" time="2.242"/>
  <testcase classname="WebScrapingTest" name="scrapeArticles" time="30.241"/>
  <testcase classname="WebScrapingTest" name="translateArticleHeaders" time="2.913"/>
  <testcase classname="WebScrapingTest" name="analyseTranslatedHeaders" time="0.021"/>
</testsuite> <!-- WebScrapingTest -->
