<?xml version="1.0" encoding="UTF-8"?>
<testsuite xmlns:xsi="http://www.w3.org/2001/XMLSchema-instance" xsi:noNamespaceSchemaLocation="https://maven.apache.org/surefire/maven-surefire-plugin/xsd/surefire-test-report.xsd" version="3.0.2" name="TestSuite" time="92.155" tests="5" errors="0" skipped="0" failures="0">
  <properties>
    <property name="java.specification.version" value="17"/>
    <property name="webdriver.chrome.driver" value="/Users/rajatkamleshwar/Documents/GitHub/BrowserStack-Assessment/Drivers/chromedriver"/>
    <property name="sun.jnu.encoding" value="UTF-8"/>
    <property name="java.class.path" value="/Users/rajatkamleshwar/Documents/GitHub/BrowserStack-Assessment/target/test-classes:/Users/rajatkamleshwar/Documents/GitHub/BrowserStack-Assessment/target/classes:/Users/rajatkamleshwar/.m2/repository/org/testng/testng/7.10.2/testng-7.10.2.jar:/Users/rajatkamleshwar/.m2/repository/org/slf4j/slf4j-api/1.7.36/slf4j-api-1.7.36.jar:/Users/rajatkamleshwar/.m2/repository/com/beust/jcommander/1.82/jcommander-1.82.jar:/Users/rajatkamleshwar/.m2/repository/org/webjars/jquery/3.7.1/jquery-3.7.1.jar:/Users/rajatkamleshwar/.m2/repository/org/seleniumhq/selenium/selenium-java/4.27.0/selenium-java-4.27.0.jar:/Users/rajatkamleshwar/.m2/repository/org/seleniumhq/selenium/selenium-api/4.27.0/selenium-api-4.27.0.jar:/Users/rajatkamleshwar/.m2/repository/org/jspecify/jspecify/1.0.0/jspecify-1.0.0.jar:/Users/rajatkamleshwar/.m2/repository/org/seleniumhq/selenium/selenium-chrome-driver/4.27.0/selenium-chrome-driver-4.27.0.jar:/Users/rajatkamleshwar/.m2/repository/com/google/auto/service/auto-service-annotations/1.1.1/auto-service-annotations-1.1.1.jar:/Users/rajatkamleshwar/.m2/repository/org/seleniumhq/selenium/selenium-chromium-driver/4.27.0/selenium-chromium-driver-4.27.0.jar:/Users/rajatkamleshwar/.m2/repository/org/seleniumhq/selenium/selenium-json/4.27.0/selenium-json-4.27.0.jar:/Users/rajatkamleshwar/.m2/repository/org/seleniumhq/selenium/selenium-manager/4.27.0/selenium-manager-4.27.0.jar:/Users/rajatkamleshwar/.m2/repository/org/seleniumhq/selenium/selenium-devtools-v129/4.27.0/selenium-devtools-v129-4.27.0.jar:/Users/rajatkamleshwar/.m2/repository/org/seleniumhq/selenium/selenium-devtools-v130/4.27.0/selenium-devtools-v130-4.27.0.jar:/Users/rajatkamleshwar/.m2/repository/org/seleniumhq/selenium/selenium-devtools-v131/4.27.0/selenium-devtools-v131-4.27.0.jar:/Users/rajatkamleshwar/.m2/repository/org/seleniumhq/selenium/selenium-devtools-v85/4.27.0/selenium-devtools-v85-4.27.0.jar:/Users/rajatkamleshwar/.m2/repository/org/seleniumhq/selenium/selenium-edge-driver/4.27.0/selenium-edge-driver-4.27.0.jar:/Users/rajatkamleshwar/.m2/repository/org/seleniumhq/selenium/selenium-firefox-driver/4.27.0/selenium-firefox-driver-4.27.0.jar:/Users/rajatkamleshwar/.m2/repository/org/seleniumhq/selenium/selenium-http/4.27.0/selenium-http-4.27.0.jar:/Users/rajatkamleshwar/.m2/repository/dev/failsafe/failsafe/3.3.2/failsafe-3.3.2.jar:/Users/rajatkamleshwar/.m2/repository/org/seleniumhq/selenium/selenium-ie-driver/4.27.0/selenium-ie-driver-4.27.0.jar:/Users/rajatkamleshwar/.m2/repository/org/seleniumhq/selenium/selenium-remote-driver/4.27.0/selenium-remote-driver-4.27.0.jar:/Users/rajatkamleshwar/.m2/repository/com/google/guava/guava/33.3.1-jre/guava-33.3.1-jre.jar:/Users/rajatkamleshwar/.m2/repository/com/google/guava/failureaccess/1.0.2/failureaccess-1.0.2.jar:/Users/rajatkamleshwar/.m2/repository/com/google/guava/listenablefuture/9999.0-empty-to-avoid-conflict-with-guava/listenablefuture-9999.0-empty-to-avoid-conflict-with-guava.jar:/Users/rajatkamleshwar/.m2/repository/com/google/code/findbugs/jsr305/3.0.2/jsr305-3.0.2.jar:/Users/rajatkamleshwar/.m2/repository/org/checkerframework/checker-qual/3.43.0/checker-qual-3.43.0.jar:/Users/rajatkamleshwar/.m2/repository/com/google/j2objc/j2objc-annotations/3.0.0/j2objc-annotations-3.0.0.jar:/Users/rajatkamleshwar/.m2/repository/io/opentelemetry/semconv/opentelemetry-semconv/1.25.0-alpha/opentelemetry-semconv-1.25.0-alpha.jar:/Users/rajatkamleshwar/.m2/repository/io/opentelemetry/opentelemetry-api/1.44.1/opentelemetry-api-1.44.1.jar:/Users/rajatkamleshwar/.m2/repository/io/opentelemetry/opentelemetry-context/1.44.1/opentelemetry-context-1.44.1.jar:/Users/rajatkamleshwar/.m2/repository/io/opentelemetry/opentelemetry-exporter-logging/1.44.1/opentelemetry-exporter-logging-1.44.1.jar:/Users/rajatkamleshwar/.m2/repository/io/opentelemetry/opentelemetry-sdk-common/1.44.1/opentelemetry-sdk-common-1.44.1.jar:/Users/rajatkamleshwar/.m2/repository/io/opentelemetry/opentelemetry-sdk-extension-autoconfigure-spi/1.44.1/opentelemetry-sdk-extension-autoconfigure-spi-1.44.1.jar:/Users/rajatkamleshwar/.m2/repository/io/opentelemetry/opentelemetry-sdk-extension-autoconfigure/1.44.1/opentelemetry-sdk-extension-autoconfigure-1.44.1.jar:/Users/rajatkamleshwar/.m2/repository/io/opentelemetry/opentelemetry-api-incubator/1.44.1-alpha/opentelemetry-api-incubator-1.44.1-alpha.jar:/Users/rajatkamleshwar/.m2/repository/io/opentelemetry/opentelemetry-sdk-trace/1.44.1/opentelemetry-sdk-trace-1.44.1.jar:/Users/rajatkamleshwar/.m2/repository/io/opentelemetry/opentelemetry-sdk/1.44.1/opentelemetry-sdk-1.44.1.jar:/Users/rajatkamleshwar/.m2/repository/io/opentelemetry/opentelemetry-sdk-metrics/1.44.1/opentelemetry-sdk-metrics-1.44.1.jar:/Users/rajatkamleshwar/.m2/repository/io/opentelemetry/opentelemetry-sdk-logs/1.44.1/opentelemetry-sdk-logs-1.44.1.jar:/Users/rajatkamleshwar/.m2/repository/net/bytebuddy/byte-buddy/1.15.10/byte-buddy-1.15.10.jar:/Users/rajatkamleshwar/.m2/repository/org/seleniumhq/selenium/selenium-os/4.27.0/selenium-os-4.27.0.jar:/Users/rajatkamleshwar/.m2/repository/org/apache/commons/commons-exec/1.4.0/commons-exec-1.4.0.jar:/Users/rajatkamleshwar/.m2/repository/org/seleniumhq/selenium/selenium-safari-driver/4.27.0/selenium-safari-driver-4.27.0.jar:/Users/rajatkamleshwar/.m2/repository/org/seleniumhq/selenium/selenium-support/4.27.0/selenium-support-4.27.0.jar:/Users/rajatkamleshwar/.m2/repository/io/rest-assured/rest-assured/5.5.0/rest-assured-5.5.0.jar:/Users/rajatkamleshwar/.m2/repository/org/apache/groovy/groovy/4.0.22/groovy-4.0.22.jar:/Users/rajatkamleshwar/.m2/repository/org/apache/groovy/groovy-xml/4.0.22/groovy-xml-4.0.22.jar:/Users/rajatkamleshwar/.m2/repository/org/apache/httpcomponents/httpclient/4.5.13/httpclient-4.5.13.jar:/Users/rajatkamleshwar/.m2/repository/org/apache/httpcomponents/httpcore/4.4.13/httpcore-4.4.13.jar:/Users/rajatkamleshwar/.m2/repository/commons-logging/commons-logging/1.2/commons-logging-1.2.jar:/Users/rajatkamleshwar/.m2/repository/commons-codec/commons-codec/1.11/commons-codec-1.11.jar:/Users/rajatkamleshwar/.m2/repository/org/apache/httpcomponents/httpmime/4.5.13/httpmime-4.5.13.jar:/Users/rajatkamleshwar/.m2/repository/org/hamcrest/hamcrest/2.2/hamcrest-2.2.jar:/Users/rajatkamleshwar/.m2/repository/org/ccil/cowan/tagsoup/tagsoup/1.2.1/tagsoup-1.2.1.jar:/Users/rajatkamleshwar/.m2/repository/io/rest-assured/json-path/5.5.0/json-path-5.5.0.jar:/Users/rajatkamleshwar/.m2/repository/org/apache/groovy/groovy-json/4.0.22/groovy-json-4.0.22.jar:/Users/rajatkamleshwar/.m2/repository/io/rest-assured/rest-assured-common/5.5.0/rest-assured-common-5.5.0.jar:/Users/rajatkamleshwar/.m2/repository/io/rest-assured/xml-path/5.5.0/xml-path-5.5.0.jar:/Users/rajatkamleshwar/.m2/repository/org/apache/commons/commons-lang3/3.11/commons-lang3-3.11.jar:/Users/rajatkamleshwar/.m2/repository/com/fasterxml/jackson/core/jackson-databind/2.18.2/jackson-databind-2.18.2.jar:/Users/rajatkamleshwar/.m2/repository/com/fasterxml/jackson/core/jackson-annotations/2.18.2/jackson-annotations-2.18.2.jar:/Users/rajatkamleshwar/.m2/repository/com/fasterxml/jackson/core/jackson-core/2.18.2/jackson-core-2.18.2.jar:/Users/rajatkamleshwar/.m2/repository/com/google/code/gson/gson/2.11.0/gson-2.11.0.jar:/Users/rajatkamleshwar/.m2/repository/com/google/errorprone/error_prone_annotations/2.27.0/error_prone_annotations-2.27.0.jar:/Users/rajatkamleshwar/.m2/repository/com/browserstack/browserstack-local-java/1.1.4/browserstack-local-java-1.1.4.jar:/Users/rajatkamleshwar/.m2/repository/commons-io/commons-io/2.16.1/commons-io-2.16.1.jar:/Users/rajatkamleshwar/.m2/repository/org/json/json/20231013/json-20231013.jar:/Users/rajatkamleshwar/.m2/repository/com/browserstack/browserstack-java-sdk/1.29.0/browserstack-java-sdk-1.29.0.jar:/Users/rajatkamleshwar/.m2/repository/org/yaml/snakeyaml/2.0/snakeyaml-2.0.jar:"/>
    <property name="java.vm.vendor" value="Oracle Corporation"/>
    <property name="sun.arch.data.model" value="64"/>
    <property name="OBSERVABILITY_BUILD_HASHED_ID" value="juh2er3z933vumnppxjerkpmzgtyovm5onn7vjmd"/>
    <property name="java.vendor.url" value="https://java.oracle.com/"/>
    <property name="user.timezone" value="Asia/Kolkata"/>
    <property name="os.name" value="Mac OS X"/>
    <property name="java.vm.specification.version" value="17"/>
    <property name="sun.java.launcher" value="SUN_STANDARD"/>
    <property name="user.country" value="IN"/>
    <property name="sun.boot.library.path" value="/Library/Java/JavaVirtualMachines/jdk-17.jdk/Contents/Home/lib"/>
    <property name="OBSERVABILITY_ALLOW_SCREENSHOTS" value="true"/>
    <property name="BROWSERSTACK_TESTHUB_JWT" value="eyJhbGciOiJIUzI1NiJ9.eyJpc3MiOiJicm93c2Vyc3RhY2tfb2IiLCJzdWIiOiI5MjQ1MTgxIiwiZ3JvdXBfaWQiOjkxNTYxMDksInVzZXJfaWQiOjkyNDUxODEsImJ1aWxkX2hhc2hlZF9pZCI6Imp1aDJlcjN6OTMzdnVtbnBweGplcmtwbXpndHlvdm01b25uN3ZqbWQiLCJwcm9qZWN0X25hbWUiOiJCcm93c2VyU3RhY2sgV2ViU2NyYXBpbmcgQXNzZXNzbWVudCIsImhvb2tfYXNfdGVzdCI6IjEiLCJidWlsZF9uYW1lIjoiYnJvd3NlcnN0YWNrLXRlc3RCdWlsZCIsInByb2R1Y3RfbWFwIjoie1wib2JzZXJ2YWJpbGl0eVwiOnRydWUsXCJhdXRvbWF0ZVwiOnRydWUsXCJvcmlnaW5Gcm9tUHJvZHVjdE1hcFwiOlwiQXV0b21hdGVcIixcImJzdGFja0F1dG9tYXRpb25cIjp0cnVlLFwicHJvZHVjdEZpbHRlclNvdXJjZVwiOnRydWUsXCJjYWRcIjp0cnVlfSIsImdycl9yZWdpb24iOiIiLCJzaWduaW5nX2tleV9oYXNoIjoiN2RmNmU2ODNjNjcwOTFiNmJjYWI0OTVlM2Y3ZjJhYTE2OWM3NWYzMWZiYWZhNTBmNDcwMjRjODFiOWU3MDUzZCIsImlhdCI6MTczNTEyMjQ3NywiZXhwIjoxNzM1NDY4MDc3fQ.0TAPeVTiBpVZF_nrm-9cZXnfpg2qwltO3CTsMQSGncI"/>
    <property name="sun.java.command" value="/Users/rajatkamleshwar/Documents/GitHub/BrowserStack-Assessment/target/surefire/surefirebooter-20241225155753267_3.jar /Users/rajatkamleshwar/Documents/GitHub/BrowserStack-Assessment/target/surefire 2024-12-25T15-57-53_209-jvmRun1 surefire-20241225155753267_1tmp surefire_0-20241225155753267_2tmp"/>
    <property name="http.nonProxyHosts" value="dns.google|*.dns.google|one.one.one.one|*.one.one.one.one|beacons.gvt2.com|*.beacons.gvt2.com|beacons2.gvt2.com|*.beacons2.gvt2.com|ocsp.digicert.com|*.ocsp.digicert.com"/>
    <property name="jdk.debug" value="release"/>
    <property name="surefire.test.class.path" value="/Users/rajatkamleshwar/Documents/GitHub/BrowserStack-Assessment/target/test-classes:/Users/rajatkamleshwar/Documents/GitHub/BrowserStack-Assessment/target/classes:/Users/rajatkamleshwar/.m2/repository/org/testng/testng/7.10.2/testng-7.10.2.jar:/Users/rajatkamleshwar/.m2/repository/org/slf4j/slf4j-api/1.7.36/slf4j-api-1.7.36.jar:/Users/rajatkamleshwar/.m2/repository/com/beust/jcommander/1.82/jcommander-1.82.jar:/Users/rajatkamleshwar/.m2/repository/org/webjars/jquery/3.7.1/jquery-3.7.1.jar:/Users/rajatkamleshwar/.m2/repository/org/seleniumhq/selenium/selenium-java/4.27.0/selenium-java-4.27.0.jar:/Users/rajatkamleshwar/.m2/repository/org/seleniumhq/selenium/selenium-api/4.27.0/selenium-api-4.27.0.jar:/Users/rajatkamleshwar/.m2/repository/org/jspecify/jspecify/1.0.0/jspecify-1.0.0.jar:/Users/rajatkamleshwar/.m2/repository/org/seleniumhq/selenium/selenium-chrome-driver/4.27.0/selenium-chrome-driver-4.27.0.jar:/Users/rajatkamleshwar/.m2/repository/com/google/auto/service/auto-service-annotations/1.1.1/auto-service-annotations-1.1.1.jar:/Users/rajatkamleshwar/.m2/repository/org/seleniumhq/selenium/selenium-chromium-driver/4.27.0/selenium-chromium-driver-4.27.0.jar:/Users/rajatkamleshwar/.m2/repository/org/seleniumhq/selenium/selenium-json/4.27.0/selenium-json-4.27.0.jar:/Users/rajatkamleshwar/.m2/repository/org/seleniumhq/selenium/selenium-manager/4.27.0/selenium-manager-4.27.0.jar:/Users/rajatkamleshwar/.m2/repository/org/seleniumhq/selenium/selenium-devtools-v129/4.27.0/selenium-devtools-v129-4.27.0.jar:/Users/rajatkamleshwar/.m2/repository/org/seleniumhq/selenium/selenium-devtools-v130/4.27.0/selenium-devtools-v130-4.27.0.jar:/Users/rajatkamleshwar/.m2/repository/org/seleniumhq/selenium/selenium-devtools-v131/4.27.0/selenium-devtools-v131-4.27.0.jar:/Users/rajatkamleshwar/.m2/repository/org/seleniumhq/selenium/selenium-devtools-v85/4.27.0/selenium-devtools-v85-4.27.0.jar:/Users/rajatkamleshwar/.m2/repository/org/seleniumhq/selenium/selenium-edge-driver/4.27.0/selenium-edge-driver-4.27.0.jar:/Users/rajatkamleshwar/.m2/repository/org/seleniumhq/selenium/selenium-firefox-driver/4.27.0/selenium-firefox-driver-4.27.0.jar:/Users/rajatkamleshwar/.m2/repository/org/seleniumhq/selenium/selenium-http/4.27.0/selenium-http-4.27.0.jar:/Users/rajatkamleshwar/.m2/repository/dev/failsafe/failsafe/3.3.2/failsafe-3.3.2.jar:/Users/rajatkamleshwar/.m2/repository/org/seleniumhq/selenium/selenium-ie-driver/4.27.0/selenium-ie-driver-4.27.0.jar:/Users/rajatkamleshwar/.m2/repository/org/seleniumhq/selenium/selenium-remote-driver/4.27.0/selenium-remote-driver-4.27.0.jar:/Users/rajatkamleshwar/.m2/repository/com/google/guava/guava/33.3.1-jre/guava-33.3.1-jre.jar:/Users/rajatkamleshwar/.m2/repository/com/google/guava/failureaccess/1.0.2/failureaccess-1.0.2.jar:/Users/rajatkamleshwar/.m2/repository/com/google/guava/listenablefuture/9999.0-empty-to-avoid-conflict-with-guava/listenablefuture-9999.0-empty-to-avoid-conflict-with-guava.jar:/Users/rajatkamleshwar/.m2/repository/com/google/code/findbugs/jsr305/3.0.2/jsr305-3.0.2.jar:/Users/rajatkamleshwar/.m2/repository/org/checkerframework/checker-qual/3.43.0/checker-qual-3.43.0.jar:/Users/rajatkamleshwar/.m2/repository/com/google/j2objc/j2objc-annotations/3.0.0/j2objc-annotations-3.0.0.jar:/Users/rajatkamleshwar/.m2/repository/io/opentelemetry/semconv/opentelemetry-semconv/1.25.0-alpha/opentelemetry-semconv-1.25.0-alpha.jar:/Users/rajatkamleshwar/.m2/repository/io/opentelemetry/opentelemetry-api/1.44.1/opentelemetry-api-1.44.1.jar:/Users/rajatkamleshwar/.m2/repository/io/opentelemetry/opentelemetry-context/1.44.1/opentelemetry-context-1.44.1.jar:/Users/rajatkamleshwar/.m2/repository/io/opentelemetry/opentelemetry-exporter-logging/1.44.1/opentelemetry-exporter-logging-1.44.1.jar:/Users/rajatkamleshwar/.m2/repository/io/opentelemetry/opentelemetry-sdk-common/1.44.1/opentelemetry-sdk-common-1.44.1.jar:/Users/rajatkamleshwar/.m2/repository/io/opentelemetry/opentelemetry-sdk-extension-autoconfigure-spi/1.44.1/opentelemetry-sdk-extension-autoconfigure-spi-1.44.1.jar:/Users/rajatkamleshwar/.m2/repository/io/opentelemetry/opentelemetry-sdk-extension-autoconfigure/1.44.1/opentelemetry-sdk-extension-autoconfigure-1.44.1.jar:/Users/rajatkamleshwar/.m2/repository/io/opentelemetry/opentelemetry-api-incubator/1.44.1-alpha/opentelemetry-api-incubator-1.44.1-alpha.jar:/Users/rajatkamleshwar/.m2/repository/io/opentelemetry/opentelemetry-sdk-trace/1.44.1/opentelemetry-sdk-trace-1.44.1.jar:/Users/rajatkamleshwar/.m2/repository/io/opentelemetry/opentelemetry-sdk/1.44.1/opentelemetry-sdk-1.44.1.jar:/Users/rajatkamleshwar/.m2/repository/io/opentelemetry/opentelemetry-sdk-metrics/1.44.1/opentelemetry-sdk-metrics-1.44.1.jar:/Users/rajatkamleshwar/.m2/repository/io/opentelemetry/opentelemetry-sdk-logs/1.44.1/opentelemetry-sdk-logs-1.44.1.jar:/Users/rajatkamleshwar/.m2/repository/net/bytebuddy/byte-buddy/1.15.10/byte-buddy-1.15.10.jar:/Users/rajatkamleshwar/.m2/repository/org/seleniumhq/selenium/selenium-os/4.27.0/selenium-os-4.27.0.jar:/Users/rajatkamleshwar/.m2/repository/org/apache/commons/commons-exec/1.4.0/commons-exec-1.4.0.jar:/Users/rajatkamleshwar/.m2/repository/org/seleniumhq/selenium/selenium-safari-driver/4.27.0/selenium-safari-driver-4.27.0.jar:/Users/rajatkamleshwar/.m2/repository/org/seleniumhq/selenium/selenium-support/4.27.0/selenium-support-4.27.0.jar:/Users/rajatkamleshwar/.m2/repository/io/rest-assured/rest-assured/5.5.0/rest-assured-5.5.0.jar:/Users/rajatkamleshwar/.m2/repository/org/apache/groovy/groovy/4.0.22/groovy-4.0.22.jar:/Users/rajatkamleshwar/.m2/repository/org/apache/groovy/groovy-xml/4.0.22/groovy-xml-4.0.22.jar:/Users/rajatkamleshwar/.m2/repository/org/apache/httpcomponents/httpclient/4.5.13/httpclient-4.5.13.jar:/Users/rajatkamleshwar/.m2/repository/org/apache/httpcomponents/httpcore/4.4.13/httpcore-4.4.13.jar:/Users/rajatkamleshwar/.m2/repository/commons-logging/commons-logging/1.2/commons-logging-1.2.jar:/Users/rajatkamleshwar/.m2/repository/commons-codec/commons-codec/1.11/commons-codec-1.11.jar:/Users/rajatkamleshwar/.m2/repository/org/apache/httpcomponents/httpmime/4.5.13/httpmime-4.5.13.jar:/Users/rajatkamleshwar/.m2/repository/org/hamcrest/hamcrest/2.2/hamcrest-2.2.jar:/Users/rajatkamleshwar/.m2/repository/org/ccil/cowan/tagsoup/tagsoup/1.2.1/tagsoup-1.2.1.jar:/Users/rajatkamleshwar/.m2/repository/io/rest-assured/json-path/5.5.0/json-path-5.5.0.jar:/Users/rajatkamleshwar/.m2/repository/org/apache/groovy/groovy-json/4.0.22/groovy-json-4.0.22.jar:/Users/rajatkamleshwar/.m2/repository/io/rest-assured/rest-assured-common/5.5.0/rest-assured-common-5.5.0.jar:/Users/rajatkamleshwar/.m2/repository/io/rest-assured/xml-path/5.5.0/xml-path-5.5.0.jar:/Users/rajatkamleshwar/.m2/repository/org/apache/commons/commons-lang3/3.11/commons-lang3-3.11.jar:/Users/rajatkamleshwar/.m2/repository/com/fasterxml/jackson/core/jackson-databind/2.18.2/jackson-databind-2.18.2.jar:/Users/rajatkamleshwar/.m2/repository/com/fasterxml/jackson/core/jackson-annotations/2.18.2/jackson-annotations-2.18.2.jar:/Users/rajatkamleshwar/.m2/repository/com/fasterxml/jackson/core/jackson-core/2.18.2/jackson-core-2.18.2.jar:/Users/rajatkamleshwar/.m2/repository/com/google/code/gson/gson/2.11.0/gson-2.11.0.jar:/Users/rajatkamleshwar/.m2/repository/com/google/errorprone/error_prone_annotations/2.27.0/error_prone_annotations-2.27.0.jar:/Users/rajatkamleshwar/.m2/repository/com/browserstack/browserstack-local-java/1.1.4/browserstack-local-java-1.1.4.jar:/Users/rajatkamleshwar/.m2/repository/commons-io/commons-io/2.16.1/commons-io-2.16.1.jar:/Users/rajatkamleshwar/.m2/repository/org/json/json/20231013/json-20231013.jar:/Users/rajatkamleshwar/.m2/repository/com/browserstack/browserstack-java-sdk/1.29.0/browserstack-java-sdk-1.29.0.jar:/Users/rajatkamleshwar/.m2/repository/org/yaml/snakeyaml/2.0/snakeyaml-2.0.jar:"/>
    <property name="sun.cpu.endian" value="little"/>
    <property name="user.home" value="/Users/rajatkamleshwar"/>
    <property name="user.language" value="en"/>
    <property name="java.specification.vendor" value="Oracle Corporation"/>
    <property name="java.version.date" value="2023-10-17"/>
    <property name="java.home" value="/Library/Java/JavaVirtualMachines/jdk-17.jdk/Contents/Home"/>
    <property name="file.separator" value="/"/>
    <property name="basedir" value="/Users/rajatkamleshwar/Documents/GitHub/BrowserStack-Assessment"/>
    <property name="java.vm.compressedOopsMode" value="Zero based"/>
    <property name="line.separator" value="&#10;"/>
    <property name="java.vm.specification.vendor" value="Oracle Corporation"/>
    <property name="java.specification.name" value="Java Platform API Specification"/>
    <property name="surefire.real.class.path" value="/Users/rajatkamleshwar/Documents/GitHub/BrowserStack-Assessment/target/surefire/surefirebooter-20241225155753267_3.jar"/>
    <property name="sun.management.compiler" value="HotSpot 64-Bit Tiered Compilers"/>
    <property name="ftp.nonProxyHosts" value="dns.google|*.dns.google|one.one.one.one|*.one.one.one.one|beacons.gvt2.com|*.beacons.gvt2.com|beacons2.gvt2.com|*.beacons2.gvt2.com|ocsp.digicert.com|*.ocsp.digicert.com"/>
    <property name="java.runtime.version" value="17.0.9+11-LTS-201"/>
    <property name="user.name" value="rajatkamleshwar"/>
    <property name="path.separator" value=":"/>
    <property name="os.version" value="15.0"/>
    <property name="java.runtime.name" value="Java(TM) SE Runtime Environment"/>
    <property name="file.encoding" value="UTF-8"/>
    <property name="java.vm.name" value="Java HotSpot(TM) 64-Bit Server VM"/>
    <property name="localRepository" value="/Users/rajatkamleshwar/.m2/repository"/>
    <property name="java.vendor.url.bug" value="https://bugreport.java.com/bugreport/"/>
    <property name="java.io.tmpdir" value="/var/folders/by/5v7xcfls19x78gwlstzrmqzm0000gp/T/"/>
    <property name="BROWSERSTACK_TESTHUB_UUID" value="juh2er3z933vumnppxjerkpmzgtyovm5onn7vjmd"/>
    <property name="java.version" value="17.0.9"/>
    <property name="user.dir" value="/Users/rajatkamleshwar/Documents/GitHub/BrowserStack-Assessment"/>
    <property name="os.arch" value="aarch64"/>
    <property name="java.vm.specification.name" value="Java Virtual Machine Specification"/>
    <property name="native.encoding" value="UTF-8"/>
    <property name="setup@0" value="0"/>
    <property name="java.library.path" value="/Users/rajatkamleshwar/Library/Java/Extensions:/Library/Java/Extensions:/Network/Library/Java/Extensions:/System/Library/Java/Extensions:/usr/lib/java:."/>
    <property name="java.vm.info" value="mixed mode, sharing"/>
    <property name="java.vendor" value="Oracle Corporation"/>
    <property name="java.vm.version" value="17.0.9+11-LTS-201"/>
    <property name="sun.io.unicode.encoding" value="UnicodeBig"/>
    <property name="socksNonProxyHosts" value="dns.google|*.dns.google|one.one.one.one|*.one.one.one.one|beacons.gvt2.com|*.beacons.gvt2.com|beacons2.gvt2.com|*.beacons2.gvt2.com|ocsp.digicert.com|*.ocsp.digicert.com"/>
    <property name="java.class.version" value="61.0"/>
  </properties>
  <testcase name="navigateToWebsite" classname="WebScrapingTest" time="41.785">
    <system-out><![CDATA[*************************Chrome Browser Invoked!*************************
WebDriver initialized for: Chrome
Navigated to: https://elpais.com/
Clicked on WEB Notice!
]]></system-out>
    <system-err><![CDATA[SLF4J: Failed to load class "org.slf4j.impl.StaticLoggerBinder".
SLF4J: Defaulting to no-operation (NOP) logger implementation
SLF4J: See http://www.slf4j.org/codes.html#StaticLoggerBinder for further details.
Dec 25, 2024 3:58:22 PM org.openqa.selenium.devtools.CdpVersionFinder findNearestMatch
WARNING: Unable to find an exact match for CDP version 133, returning the closest version; found: 131; Please update to a Selenium version that supports CDP version 133
]]></system-err>
  </testcase>
  <testcase name="verifyLanguage" classname="WebScrapingTest" time="0.227">
    <system-out><![CDATA[Default language is Spanish
]]></system-out>
  </testcase>
  <testcase name="scrapeArticles" classname="WebScrapingTest" time="9.531">
    <system-out><![CDATA[Opinion option clicked:

Articles scraped from Opinion section!:

Image Folder cleared successfully!
Article Headline:	Felipe VI: la exigencia del bien común
Article Content:	El discurso del Rey homenajea a los afectados por la dana, reclama un acceso a la vivienda “en condiciones asumibles”, y reivindica la dignidad de los inmigrantes y los valores sociales de la democracia

Image URL:	https://imagenes.elpais.com/resizer/v2/Q6XAOHWGGVFCHLHSJOVDLAA7SE.jpg?auth=f797c1d7b9c03879f5d11801a8041ab216bea9abefd0a45916e302224ff464d0&width=414

---------------Image Saved Successfully!---------------

Image URL:	https://imagenes.elpais.com/resizer/v2/MENB7YWVLREHXBY4LBVNWZIIR4.jpg?auth=ac099e45937dabab4a74335d0aff09395f789fb53fed71c0b876f0ca8f8fc872&width=414&height=233&smart=true

---------------Image Saved Successfully!---------------

Image URL:	https://imagenes.elpais.com/resizer/v2/MFLDESMSEFDAZLW7FXE7E22AJ4.JPG?auth=f42c2913c455ba9a723e1d847f769382dfb08073e804aa0196b19765121b7cb0&width=414&height=233&focal=1230%2C240

---------------Image Saved Successfully!---------------

*********************************************************

Article Headline:	El año de Sánchez
Article Content:	La buena marcha de la Economía compite en España con el ruido político generado por la oposición desde el comienzo de la legislatura

Image URL:	https://imagenes.elpais.com/resizer/v2/Q6XAOHWGGVFCHLHSJOVDLAA7SE.jpg?auth=f797c1d7b9c03879f5d11801a8041ab216bea9abefd0a45916e302224ff464d0&width=414

---------------Image Saved Successfully!---------------

Image URL:	https://imagenes.elpais.com/resizer/v2/MENB7YWVLREHXBY4LBVNWZIIR4.jpg?auth=ac099e45937dabab4a74335d0aff09395f789fb53fed71c0b876f0ca8f8fc872&width=414&height=233&smart=true

---------------Image Saved Successfully!---------------

Image URL:	https://imagenes.elpais.com/resizer/v2/MFLDESMSEFDAZLW7FXE7E22AJ4.JPG?auth=f42c2913c455ba9a723e1d847f769382dfb08073e804aa0196b19765121b7cb0&width=414&height=233&focal=1230%2C240

---------------Image Saved Successfully!---------------

*********************************************************

Article Headline:	Lo admito, la Tierra es esférica
Article Content:	No es buena idea confundir la coherencia con la cabezonería, y no hace falta viajar a la Antártida para comprobar que el planeta no es un disco

Image URL:	https://imagenes.elpais.com/resizer/v2/Q6XAOHWGGVFCHLHSJOVDLAA7SE.jpg?auth=f797c1d7b9c03879f5d11801a8041ab216bea9abefd0a45916e302224ff464d0&width=414

---------------Image Saved Successfully!---------------

Image URL:	https://imagenes.elpais.com/resizer/v2/MENB7YWVLREHXBY4LBVNWZIIR4.jpg?auth=ac099e45937dabab4a74335d0aff09395f789fb53fed71c0b876f0ca8f8fc872&width=414&height=233&smart=true

---------------Image Saved Successfully!---------------

Image URL:	https://imagenes.elpais.com/resizer/v2/MFLDESMSEFDAZLW7FXE7E22AJ4.JPG?auth=f42c2913c455ba9a723e1d847f769382dfb08073e804aa0196b19765121b7cb0&width=414&height=233&focal=1230%2C240

---------------Image Saved Successfully!---------------

*********************************************************

Article Headline:	El gobierno de los millonarios
Article Content:	Por vez primera, los dueños de inmensos monopolios, digitales o no, han llegado directamente al poder político para defender sus intereses

Image URL:	https://imagenes.elpais.com/resizer/v2/Q6XAOHWGGVFCHLHSJOVDLAA7SE.jpg?auth=f797c1d7b9c03879f5d11801a8041ab216bea9abefd0a45916e302224ff464d0&width=414

---------------Image Saved Successfully!---------------

Image URL:	https://imagenes.elpais.com/resizer/v2/MENB7YWVLREHXBY4LBVNWZIIR4.jpg?auth=ac099e45937dabab4a74335d0aff09395f789fb53fed71c0b876f0ca8f8fc872&width=414&height=233&smart=true

---------------Image Saved Successfully!---------------

Image URL:	https://imagenes.elpais.com/resizer/v2/MFLDESMSEFDAZLW7FXE7E22AJ4.JPG?auth=f42c2913c455ba9a723e1d847f769382dfb08073e804aa0196b19765121b7cb0&width=414&height=233&focal=1230%2C240

---------------Image Saved Successfully!---------------

*********************************************************

Article Headline:	‘Las tres fronteras’
Article Content:	Este proyecto fotográfico documenta los límites entre Malí, Níger y Burkina Faso, epicentro del conflicto que devasta el Sahel

Image URL:	https://imagenes.elpais.com/resizer/v2/Q6XAOHWGGVFCHLHSJOVDLAA7SE.jpg?auth=f797c1d7b9c03879f5d11801a8041ab216bea9abefd0a45916e302224ff464d0&width=414

---------------Image Saved Successfully!---------------

Image URL:	https://imagenes.elpais.com/resizer/v2/MENB7YWVLREHXBY4LBVNWZIIR4.jpg?auth=ac099e45937dabab4a74335d0aff09395f789fb53fed71c0b876f0ca8f8fc872&width=414&height=233&smart=true

---------------Image Saved Successfully!---------------

Image URL:	https://imagenes.elpais.com/resizer/v2/MFLDESMSEFDAZLW7FXE7E22AJ4.JPG?auth=f42c2913c455ba9a723e1d847f769382dfb08073e804aa0196b19765121b7cb0&width=414&height=233&focal=1230%2C240

---------------Image Saved Successfully!---------------

*********************************************************

]]></system-out>
  </testcase>
  <testcase name="translateArticleHeaders" classname="WebScrapingTest" time="3.036">
    <system-out><![CDATA[
************* Translated Headers: *************

Spanish Header:	Felipe VI: la exigencia del bien común
Request method:	POST
Request URI:	https://ultra-fast-translation.p.rapidapi.com/t
Proxy:			<none>
Request params:	<none>
Query params:	<none>
Form params:	<none>
Path params:	<none>
Headers:		X-RapidAPI-Host=ultra-fast-translation.p.rapidapi.com
				X-RapidAPI-Key=c2432b444dmsh909f603234f0c69p1a0e09jsne64b3c285be3
				Accept=*/*
				Content-Type=application/json
Cookies:		<none>
Multiparts:		<none>
Body:
{
    "q": "Felipe VI la exigencia del bien comn",
    "e": "",
    "from": "es",
    "to": "en"
}
HTTP/1.1 200 OK
Date: Wed, 25 Dec 2024 10:29:32 GMT
Content-Type: application/json; charset=utf-8
Transfer-Encoding: chunked
Connection: keep-alive
Expires: Mon, 01 Jan 1990 00:00:00 GMT
Content-Encoding: gzip
Cache-Control: no-cache, no-store, max-age=0, must-revalidate
Cross-Origin-Resource-Policy: cross-origin
Pragma: no-cache
Accept-CH: Sec-CH-UA-Arch, Sec-CH-UA-Bitness, Sec-CH-UA-Full-Version, Sec-CH-UA-Full-Version-List, Sec-CH-UA-Model, Sec-CH-UA-WoW64, Sec-CH-UA-Form-Factors, Sec-CH-UA-Platform, Sec-CH-UA-Platform-Version
Alt-Svc: h3=":443"; ma=2592000,h3-29=":443"; ma=2592000
Cross-Origin-Opener-Policy: same-origin
Permissions-Policy: ch-ua-arch=*, ch-ua-bitness=*, ch-ua-full-version=*, ch-ua-full-version-list=*, ch-ua-model=*, ch-ua-wow64=*, ch-ua-form-factors=*, ch-ua-platform=*, ch-ua-platform-version=*
Access-Control-Allow-Origin: *
Content-Security-Policy: script-src 'report-sample' 'nonce-fRbvKU2lTB_tLq5j19RdbA' 'unsafe-inline';object-src 'none';base-uri 'self';report-uri /_/TranslateApiHttp/cspreport;worker-src 'self'
Content-Security-Policy: require-trusted-types-for 'script';report-uri /_/TranslateApiHttp/cspreport
X-XSS-Protection: 0
reporting-endpoints: default="/_/TranslateApiHttp/web-reports?context=eJzjktDikmLw0ZBicEqfwRoCxH9krrJ6911lFeLh6Nm7fjebwIttjesZlZSS8gvjS4oS84pzEktSi1OLylKL4o0MjEwMjQzN9Aws4gsMAJUqGNA"
Content-Disposition: attachment; filename="json.txt"; filename*=UTF-8''json.txt
X-Content-Type-Options: nosniff
X-Frame-Options: SAMEORIGIN
X-RateLimit-rapid-free-plans-hard-limit-Limit: 500000
X-RateLimit-rapid-free-plans-hard-limit-Remaining: 499648
X-RateLimit-rapid-free-plans-hard-limit-Reset: 1837548
Server: RapidAPI-1.2.8
X-RapidAPI-Version: 1.2.8
X-RapidAPI-Region: AWS - ap-southeast-1
X-RapidAPI-Request-Id: e08b9571b80b9613603f0f297bf8148b3e9a13fb8b6203b4c7601e345f745ea4

[
    "Felipe VI the demand for the common good"
]
English Header:	Felipe VI the demand for the common good
--------------------------------------------------------------------------------
Spanish Header:	El año de Sánchez
Request method:	POST
Request URI:	https://ultra-fast-translation.p.rapidapi.com/t
Proxy:			<none>
Request params:	<none>
Query params:	<none>
Form params:	<none>
Path params:	<none>
Headers:		X-RapidAPI-Host=ultra-fast-translation.p.rapidapi.com
				X-RapidAPI-Key=c2432b444dmsh909f603234f0c69p1a0e09jsne64b3c285be3
				Accept=*/*
				Content-Type=application/json
Cookies:		<none>
Multiparts:		<none>
Body:
{
    "q": "El ao de Snchez",
    "e": "",
    "from": "es",
    "to": "en"
}
HTTP/1.1 200 OK
Date: Wed, 25 Dec 2024 10:29:32 GMT
Content-Type: application/json; charset=utf-8
Transfer-Encoding: chunked
Connection: keep-alive
Expires: Mon, 01 Jan 1990 00:00:00 GMT
Cache-Control: no-cache, no-store, max-age=0, must-revalidate
Content-Encoding: gzip
Cross-Origin-Resource-Policy: cross-origin
Pragma: no-cache
Accept-CH: Sec-CH-UA-Arch, Sec-CH-UA-Bitness, Sec-CH-UA-Full-Version, Sec-CH-UA-Full-Version-List, Sec-CH-UA-Model, Sec-CH-UA-WoW64, Sec-CH-UA-Form-Factors, Sec-CH-UA-Platform, Sec-CH-UA-Platform-Version
Alt-Svc: h3=":443"; ma=2592000,h3-29=":443"; ma=2592000
Cross-Origin-Opener-Policy: same-origin
Content-Security-Policy: require-trusted-types-for 'script';report-uri /_/TranslateApiHttp/cspreport
Content-Security-Policy: script-src 'report-sample' 'nonce-Je6v4lhfsNCE3Q3dnM-pag' 'unsafe-inline';object-src 'none';base-uri 'self';report-uri /_/TranslateApiHttp/cspreport;worker-src 'self'
Access-Control-Allow-Origin: *
X-XSS-Protection: 0
reporting-endpoints: default="/_/TranslateApiHttp/web-reports?context=eJzjktDikmJw1JBicEqfwRoCxH9krrJ6911lFeLh6Nm7fjebwITFM1czKykl5RfGlxQl5hXnJJakFqcWlaUWxRsZGJkYGhma6RlYxBcYAACEchhw"
Permissions-Policy: ch-ua-arch=*, ch-ua-bitness=*, ch-ua-full-version=*, ch-ua-full-version-list=*, ch-ua-model=*, ch-ua-wow64=*, ch-ua-form-factors=*, ch-ua-platform=*, ch-ua-platform-version=*
Content-Disposition: attachment; filename="json.txt"; filename*=UTF-8''json.txt
X-Content-Type-Options: nosniff
X-Frame-Options: SAMEORIGIN
X-RateLimit-rapid-free-plans-hard-limit-Limit: 500000
X-RateLimit-rapid-free-plans-hard-limit-Remaining: 499647
X-RateLimit-rapid-free-plans-hard-limit-Reset: 1837548
Server: RapidAPI-1.2.8
X-RapidAPI-Version: 1.2.8
X-RapidAPI-Region: AWS - ap-southeast-1
X-RapidAPI-Request-Id: 53b95ce57b393bff9fb965c8374fe25343a292035dd376f683bbbb9c94fbea02

[
    "The year of Sánchez"
]
English Header:	The year of Sánchez
--------------------------------------------------------------------------------
Spanish Header:	Lo admito, la Tierra es esférica
Request method:	POST
Request URI:	https://ultra-fast-translation.p.rapidapi.com/t
Proxy:			<none>
Request params:	<none>
Query params:	<none>
Form params:	<none>
Path params:	<none>
Headers:		X-RapidAPI-Host=ultra-fast-translation.p.rapidapi.com
				X-RapidAPI-Key=c2432b444dmsh909f603234f0c69p1a0e09jsne64b3c285be3
				Accept=*/*
				Content-Type=application/json
Cookies:		<none>
Multiparts:		<none>
Body:
{
    "q": "Lo admito la Tierra es esfrica",
    "e": "",
    "from": "es",
    "to": "en"
}
HTTP/1.1 200 OK
Date: Wed, 25 Dec 2024 10:29:33 GMT
Content-Type: application/json; charset=utf-8
Transfer-Encoding: chunked
Connection: keep-alive
Expires: Mon, 01 Jan 1990 00:00:00 GMT
Content-Encoding: gzip
Cache-Control: no-cache, no-store, max-age=0, must-revalidate
Cross-Origin-Resource-Policy: cross-origin
Pragma: no-cache
Accept-CH: Sec-CH-UA-Arch, Sec-CH-UA-Bitness, Sec-CH-UA-Full-Version, Sec-CH-UA-Full-Version-List, Sec-CH-UA-Model, Sec-CH-UA-WoW64, Sec-CH-UA-Form-Factors, Sec-CH-UA-Platform, Sec-CH-UA-Platform-Version
Alt-Svc: h3=":443"; ma=2592000,h3-29=":443"; ma=2592000
Cross-Origin-Opener-Policy: same-origin
Permissions-Policy: ch-ua-arch=*, ch-ua-bitness=*, ch-ua-full-version=*, ch-ua-full-version-list=*, ch-ua-model=*, ch-ua-wow64=*, ch-ua-form-factors=*, ch-ua-platform=*, ch-ua-platform-version=*
Access-Control-Allow-Origin: *
Content-Security-Policy: require-trusted-types-for 'script';report-uri /_/TranslateApiHttp/cspreport
Content-Security-Policy: script-src 'report-sample' 'nonce-BqWYMPu70y3kBSxxbXqQ3w' 'unsafe-inline';object-src 'none';base-uri 'self';report-uri /_/TranslateApiHttp/cspreport;worker-src 'self'
X-XSS-Protection: 0
reporting-endpoints: default="/_/TranslateApiHttp/web-reports?context=eJzjktDikmJw0JBicEqfwRoCxH9krrJ6911lFeLh6N27fjebwIvf2_czKikl5RfGlxQl5hXnJJakFqcWlaUWxRsZGJkYGhma6RlYxBcYAACncxlQ"
Content-Disposition: attachment; filename="json.txt"; filename*=UTF-8''json.txt
X-Content-Type-Options: nosniff
X-Frame-Options: SAMEORIGIN
X-RateLimit-rapid-free-plans-hard-limit-Limit: 500000
X-RateLimit-rapid-free-plans-hard-limit-Remaining: 499646
X-RateLimit-rapid-free-plans-hard-limit-Reset: 1837547
Server: RapidAPI-1.2.8
X-RapidAPI-Version: 1.2.8
X-RapidAPI-Region: AWS - ap-southeast-1
X-RapidAPI-Request-Id: 86ddb9518cbbb5a956428cb193b6e80de5cebdc19e27fd54f5c6285508d369e7

[
    "I admit it the Earth is spherical"
]
English Header:	I admit it the Earth is spherical
--------------------------------------------------------------------------------
Spanish Header:	El gobierno de los millonarios
Request method:	POST
Request URI:	https://ultra-fast-translation.p.rapidapi.com/t
Proxy:			<none>
Request params:	<none>
Query params:	<none>
Form params:	<none>
Path params:	<none>
Headers:		X-RapidAPI-Host=ultra-fast-translation.p.rapidapi.com
				X-RapidAPI-Key=c2432b444dmsh909f603234f0c69p1a0e09jsne64b3c285be3
				Accept=*/*
				Content-Type=application/json
Cookies:		<none>
Multiparts:		<none>
Body:
{
    "q": "El gobierno de los millonarios",
    "e": "",
    "from": "es",
    "to": "en"
}
HTTP/1.1 200 OK
Date: Wed, 25 Dec 2024 10:29:33 GMT
Content-Type: application/json; charset=utf-8
Transfer-Encoding: chunked
Connection: keep-alive
Expires: Mon, 01 Jan 1990 00:00:00 GMT
Cache-Control: no-cache, no-store, max-age=0, must-revalidate
Content-Encoding: gzip
Cross-Origin-Resource-Policy: cross-origin
Pragma: no-cache
Accept-CH: Sec-CH-UA-Arch, Sec-CH-UA-Bitness, Sec-CH-UA-Full-Version, Sec-CH-UA-Full-Version-List, Sec-CH-UA-Model, Sec-CH-UA-WoW64, Sec-CH-UA-Form-Factors, Sec-CH-UA-Platform, Sec-CH-UA-Platform-Version
Alt-Svc: h3=":443"; ma=2592000,h3-29=":443"; ma=2592000
Cross-Origin-Opener-Policy: same-origin
Permissions-Policy: ch-ua-arch=*, ch-ua-bitness=*, ch-ua-full-version=*, ch-ua-full-version-list=*, ch-ua-model=*, ch-ua-wow64=*, ch-ua-form-factors=*, ch-ua-platform=*, ch-ua-platform-version=*
Access-Control-Allow-Origin: *
X-XSS-Protection: 0
reporting-endpoints: default="/_/TranslateApiHttp/web-reports?context=eJzjktDikmJw0JBicEqfwRoCxH9krrJ6911lFeLh6N27fjebwI0t3TuZlZSS8gvjS4oS84pzEktSi1OLylKL4o0MjEwMjQzN9Aws4gsMAJJ9GMk"
Content-Security-Policy: require-trusted-types-for 'script';report-uri /_/TranslateApiHttp/cspreport
Content-Security-Policy: script-src 'report-sample' 'nonce-ncbx6mpkQU49PrNnL822Yg' 'unsafe-inline';object-src 'none';base-uri 'self';report-uri /_/TranslateApiHttp/cspreport;worker-src 'self'
Content-Disposition: attachment; filename="json.txt"; filename*=UTF-8''json.txt
X-Content-Type-Options: nosniff
X-Frame-Options: SAMEORIGIN
X-RateLimit-rapid-free-plans-hard-limit-Limit: 500000
X-RateLimit-rapid-free-plans-hard-limit-Remaining: 499645
X-RateLimit-rapid-free-plans-hard-limit-Reset: 1837547
Server: RapidAPI-1.2.8
X-RapidAPI-Version: 1.2.8
X-RapidAPI-Region: AWS - ap-southeast-1
X-RapidAPI-Request-Id: 16f09f7b1fb10ec0024b909cfd09c5a331c3b760bb071db18cc882b7d39f0d8d

[
    "The government of the millionaires"
]
English Header:	The government of the millionaires
--------------------------------------------------------------------------------
Spanish Header:	‘Las tres fronteras’
Request method:	POST
Request URI:	https://ultra-fast-translation.p.rapidapi.com/t
Proxy:			<none>
Request params:	<none>
Query params:	<none>
Form params:	<none>
Path params:	<none>
Headers:		X-RapidAPI-Host=ultra-fast-translation.p.rapidapi.com
				X-RapidAPI-Key=c2432b444dmsh909f603234f0c69p1a0e09jsne64b3c285be3
				Accept=*/*
				Content-Type=application/json
Cookies:		<none>
Multiparts:		<none>
Body:
{
    "q": "Las tres fronteras",
    "e": "",
    "from": "es",
    "to": "en"
}
HTTP/1.1 200 OK
Date: Wed, 25 Dec 2024 10:29:34 GMT
Content-Type: application/json; charset=utf-8
Transfer-Encoding: chunked
Connection: keep-alive
Expires: Mon, 01 Jan 1990 00:00:00 GMT
Content-Encoding: gzip
Cache-Control: no-cache, no-store, max-age=0, must-revalidate
Cross-Origin-Resource-Policy: cross-origin
Pragma: no-cache
Accept-CH: Sec-CH-UA-Arch, Sec-CH-UA-Bitness, Sec-CH-UA-Full-Version, Sec-CH-UA-Full-Version-List, Sec-CH-UA-Model, Sec-CH-UA-WoW64, Sec-CH-UA-Form-Factors, Sec-CH-UA-Platform, Sec-CH-UA-Platform-Version
Alt-Svc: h3=":443"; ma=2592000,h3-29=":443"; ma=2592000
Cross-Origin-Opener-Policy: same-origin
Permissions-Policy: ch-ua-arch=*, ch-ua-bitness=*, ch-ua-full-version=*, ch-ua-full-version-list=*, ch-ua-model=*, ch-ua-wow64=*, ch-ua-form-factors=*, ch-ua-platform=*, ch-ua-platform-version=*
Access-Control-Allow-Origin: *
Content-Security-Policy: require-trusted-types-for 'script';report-uri /_/TranslateApiHttp/cspreport
Content-Security-Policy: script-src 'report-sample' 'nonce-T98JSAgw7io4LwwHayA5yg' 'unsafe-inline';object-src 'none';base-uri 'self';report-uri /_/TranslateApiHttp/cspreport;worker-src 'self'
X-XSS-Protection: 0
reporting-endpoints: default="/_/TranslateApiHttp/web-reports?context=eJzjktDikmLw15BicEqfwRoCxH9krrJ6911lFeLh6Nu7fjebwI-rS48wKikl5RfGlxQl5hXnJJakFqcWlaUWxRsZGJkYGhma6RlYxBcYAACmXBk9"
Content-Disposition: attachment; filename="json.txt"; filename*=UTF-8''json.txt
X-Content-Type-Options: nosniff
X-Frame-Options: SAMEORIGIN
X-RateLimit-rapid-free-plans-hard-limit-Limit: 500000
X-RateLimit-rapid-free-plans-hard-limit-Remaining: 499644
X-RateLimit-rapid-free-plans-hard-limit-Reset: 1837546
Server: RapidAPI-1.2.8
X-RapidAPI-Version: 1.2.8
X-RapidAPI-Region: AWS - ap-southeast-1
X-RapidAPI-Request-Id: 7ec85913ff26fa88739ac8adb96ee0a3402d851cfee5a627e2a8415072f37b2b

[
    "The three borders"
]
English Header:	The three borders
--------------------------------------------------------------------------------
]]></system-out>
  </testcase>
  <testcase name="analyseTranslatedHeaders" classname="WebScrapingTest" time="0.051">
    <system-out><![CDATA[Combined headers in a string:	 felipe vi the demand for the common good the year of sánchez i admit it the earth is spherical the government of the millionaires the three borders 
Repeated Word:	the	Occurrence:	7
Repeated Word:	of	Occurrence:	2
]]></system-out>
  </testcase>
</testsuite>